<?xml version="1.0" encoding="UTF-8"?>
<testng-results skipped="0" failed="0" ignored="0" total="3" passed="3">
  <reporter-output>
  </reporter-output>
  <suite name="Default suite" duration-ms="28831" started-at="2020-01-18T21:00:06Z" finished-at="2020-01-18T21:00:35Z">
    <groups>
    </groups>
    <test name="Default test" duration-ms="28831" started-at="2020-01-18T21:00:06Z" finished-at="2020-01-18T21:00:35Z">
      <class name="com.freenow.testScripts.UserBlog">
        <test-method status="PASS" signature="emailValidateForValidUser()[pri:0, instance:com.freenow.testScripts.UserBlog@3fd7a715]" name="emailValidateForValidUser" duration-ms="9758" started-at="2020-01-18T21:00:06Z" finished-at="2020-01-18T21:00:16Z">
          <reporter-output>
          </reporter-output>
        </test-method> <!-- emailValidateForValidUser -->
        <test-method status="PASS" signature="emailValidateUserWithInValidUsername()[pri:0, instance:com.freenow.testScripts.UserBlog@3fd7a715]" name="emailValidateUserWithInValidUsername" duration-ms="557" started-at="2020-01-18T21:00:16Z" finished-at="2020-01-18T21:00:17Z">
          <reporter-output>
          </reporter-output>
        </test-method> <!-- emailValidateUserWithInValidUsername -->
        <test-method status="PASS" signature="emailValidateUserWithSpecialcharactor()[pri:0, instance:com.freenow.testScripts.UserBlog@3fd7a715]" name="emailValidateUserWithSpecialcharactor" duration-ms="18490" started-at="2020-01-18T21:00:17Z" finished-at="2020-01-18T21:00:35Z">
          <reporter-output>
          </reporter-output>
        </test-method> <!-- emailValidateUserWithSpecialcharactor -->
      </class> <!-- com.freenow.testScripts.UserBlog -->
    </test> <!-- Default test -->
  </suite> <!-- Default suite -->
</testng-results>
