<?xml version="1.0" encoding="UTF-8"?>
<testng-results skipped="0" failed="0" ignored="0" total="1" passed="1">
  <reporter-output>
  </reporter-output>
  <suite name="Default suite" duration-ms="8508" started-at="2020-01-18T14:01:56Z" finished-at="2020-01-18T14:02:04Z">
    <groups>
    </groups>
    <test name="Default test" duration-ms="8508" started-at="2020-01-18T14:01:56Z" finished-at="2020-01-18T14:02:04Z">
      <class name="com.freenow.testScripts.UserBlog">
        <test-method status="PASS" signature="userBlogEmail()[pri:0, instance:com.freenow.testScripts.UserBlog@3fd7a715]" name="userBlogEmail" duration-ms="8487" started-at="2020-01-18T14:01:56Z" finished-at="2020-01-18T14:02:04Z">
          <reporter-output>
          </reporter-output>
        </test-method> <!-- userBlogEmail -->
      </class> <!-- com.freenow.testScripts.UserBlog -->
    </test> <!-- Default test -->
  </suite> <!-- Default suite -->
</testng-results>
